<testsuites id="" name="" tests="6" failures="3" skipped="0" errors="0" time="32.484">
<testsuite name="e2e-create-manual-order.spec.ts" timestamp="1659720720343" hostname="" tests="1" failures="0" skipped="0" time="23.618" errors="0">
<testcase name="Create manual order" classname="[chromium] › e2e-create-manual-order.spec.ts:21:1 › Create manual order" time="23.618">
<properties>
<property name="testrun_evidence">
</property>
</properties>
</testcase>
</testsuite>
<testsuite name="e2e-login.spec.ts" timestamp="1659720720343" hostname="" tests="5" failures="3" skipped="0" time="82.201" errors="0">
<testcase name="Login + Logout Incorrect username/password" classname="[chromium] › e2e-login.spec.ts:20:5 › Login + Logout › Incorrect username/password" time="14.24">
<properties>
<property name="testrun_evidence">
</property>
</properties>
</testcase>
<testcase name="Login + Logout Successful login/logout" classname="[chromium] › e2e-login.spec.ts:27:5 › Login + Logout › Successful login/logout" time="18.926">
<properties>
<property name="testrun_evidence">
</property>
</properties>
</testcase>
<testcase name="Login + Logout Display username when no last name populated in Keycloak" classname="[chromium] › e2e-login.spec.ts:35:5 › Login + Logout › Display username when no last name populated in Keycloak" time="25.023">
<properties>
<property name="testrun_evidence">
</property>
</properties>
<failure message="e2e-login.spec.ts:35:5 Display username when no last name populated in Keycloak" type="FAILURE">
<![CDATA[  [chromium] › e2e-login.spec.ts:35:5 › Login + Logout › Display username when no last name populated in Keycloak 

    Error: expect(received).toContainText(expected)

    Expected string: "FirstNameOnly"
    Received string: "First undefined"
    Call log:
      - expect.toContainText with timeout 5000ms
      - waiting for selector "text=First undefined"
      -   selector resolved to <h3>First undefined</h3>
      -   unexpected value "First undefined"
      -   selector resolved to <h3>First undefined</h3>
      -   unexpected value "First undefined"
      -   selector resolved to <h3>First undefined</h3>
      -   unexpected value "First undefined"
      -   selector resolved to <h3>First undefined</h3>
      -   unexpected value "First undefined"
      -   selector resolved to <h3>First undefined</h3>
      -   unexpected value "First undefined"
      -   selector resolved to <h3>First undefined</h3>
      -   unexpected value "First undefined"
      -   selector resolved to <h3>First undefined</h3>
      -   unexpected value "First undefined"


      39 |        await page.locator('#profile-menu-button').click();
      40 |        const displayName = await page.locator('text=First undefined')
    > 41 |        await expect(displayName).toContainText('FirstNameOnly')
         |                                  ^
      42 |
      43 |         await page.locator('#profile-menu-button').click();
      44 |         await page.locator('text=Logout').click();

        at C:\Users\d4dombs\development\ararat-playwright\src\tests\e2e\e2e-login.spec.ts:41:34

    attachment #1: video (video/webm) --------------------------------------------------------------
    test-results\e2e-login-Login-Logout-Display-username-when-no-last-name-populated-in-Keycloak-chromium\video.webm
    ------------------------------------------------------------------------------------------------

    attachment #2: screenshot (image/png) ----------------------------------------------------------
    test-results\e2e-login-Login-Logout-Display-username-when-no-last-name-populated-in-Keycloak-chromium\test-failed-1.png
    ------------------------------------------------------------------------------------------------
]]>
</failure>
<system-err>
<![CDATA[
Warning: attachment ..\..\..\test-results\e2e-login-Login-Logout-Display-username-when-no-last-name-populated-in-Keycloak-chromium\video.webm is missing
Warning: attachment ..\..\..\test-results\e2e-login-Login-Logout-Display-username-when-no-last-name-populated-in-Keycloak-chromium\test-failed-1.png is missing]]>
</system-err>
</testcase>
<testcase name="Login + Logout Display username when no first name populated in Keycloak" classname="[chromium] › e2e-login.spec.ts:49:5 › Login + Logout › Display username when no first name populated in Keycloak" time="12.762">
<properties>
<property name="testrun_evidence">
</property>
</properties>
<failure message="e2e-login.spec.ts:49:5 Display username when no first name populated in Keycloak" type="FAILURE">
<![CDATA[  [chromium] › e2e-login.spec.ts:49:5 › Login + Logout › Display username when no first name populated in Keycloak 

    Error: expect(received).toContainText(expected)

    Expected string: "LastNameOnly"
    Received string: ""
    Call log:
      - expect.toContainText with timeout 5000ms
      - waiting for selector "text=Last undefined"


      53 |         await page.locator('#profile-menu-button').click();
      54 |         const displayName = await page.locator('text=Last undefined')
    > 55 |         await expect(displayName).toContainText('LastNameOnly')
         |                                   ^
      56 |
      57 |         await page.locator('#profile-menu-button').click();
      58 |         await page.locator('text=Logout').click();

        at C:\Users\d4dombs\development\ararat-playwright\src\tests\e2e\e2e-login.spec.ts:55:35

    attachment #1: video (video/webm) --------------------------------------------------------------
    test-results\e2e-login-Login-Logout-Display-username-when-no-first-name-populated-in-Keycloak-chromium\video.webm
    ------------------------------------------------------------------------------------------------

    attachment #2: screenshot (image/png) ----------------------------------------------------------
    test-results\e2e-login-Login-Logout-Display-username-when-no-first-name-populated-in-Keycloak-chromium\test-failed-1.png
    ------------------------------------------------------------------------------------------------
]]>
</failure>
<system-err>
<![CDATA[
Warning: attachment ..\..\..\test-results\e2e-login-Login-Logout-Display-username-when-no-first-name-populated-in-Keycloak-chromium\video.webm is missing
Warning: attachment ..\..\..\test-results\e2e-login-Login-Logout-Display-username-when-no-first-name-populated-in-Keycloak-chromium\test-failed-1.png is missing]]>
</system-err>
</testcase>
<testcase name="Login + Logout Display username when no first and last name populated in Keycloak" classname="[chromium] › e2e-login.spec.ts:63:5 › Login + Logout › Display username when no first and last name populated in Keycloak" time="11.25">
<properties>
<property name="testrun_evidence">
</property>
</properties>
<failure message="e2e-login.spec.ts:63:5 Display username when no first and last name populated in Keycloak" type="FAILURE">
<![CDATA[  [chromium] › e2e-login.spec.ts:63:5 › Login + Logout › Display username when no first and last name populated in Keycloak 

    Error: expect(received).toContainText(expected)

    Expected string: "NoNames"
    Received string: "undefined undefined"
    Call log:
      - expect.toContainText with timeout 5000ms
      - waiting for selector "text=undefined undefined"
      -   selector resolved to <h3>undefined undefined</h3>
      -   unexpected value "undefined undefined"
      -   selector resolved to <h3>undefined undefined</h3>
      -   unexpected value "undefined undefined"
      -   selector resolved to <h3>undefined undefined</h3>
      -   unexpected value "undefined undefined"
      -   selector resolved to <h3>undefined undefined</h3>
      -   unexpected value "undefined undefined"
      -   selector resolved to <h3>undefined undefined</h3>
      -   unexpected value "undefined undefined"
      -   selector resolved to <h3>undefined undefined</h3>
      -   unexpected value "undefined undefined"
      -   selector resolved to <h3>undefined undefined</h3>
      -   unexpected value "undefined undefined"


      66 |         await page.locator('#profile-menu-button').click();
      67 |         const displayName = await page.locator('text=undefined undefined')
    > 68 |         await expect(displayName).toContainText('NoNames')
         |                                   ^
      69 |
      70 |         await page.locator('#profile-menu-button').click();
      71 |         await page.locator('text=Logout').click();

        at C:\Users\d4dombs\development\ararat-playwright\src\tests\e2e\e2e-login.spec.ts:68:35

    attachment #1: video (video/webm) --------------------------------------------------------------
    test-results\e2e-login-Login-Logout-Display-username-when-no-first-and-last-name-populated-in-Keycloak-chromium\video.webm
    ------------------------------------------------------------------------------------------------

    attachment #2: screenshot (image/png) ----------------------------------------------------------
    test-results\e2e-login-Login-Logout-Display-username-when-no-first-and-last-name-populated-in-Keycloak-chromium\test-failed-1.png
    ------------------------------------------------------------------------------------------------
]]>
</failure>
<system-err>
<![CDATA[
Warning: attachment ..\..\..\test-results\e2e-login-Login-Logout-Display-username-when-no-first-and-last-name-populated-in-Keycloak-chromium\video.webm is missing
Warning: attachment ..\..\..\test-results\e2e-login-Login-Logout-Display-username-when-no-first-and-last-name-populated-in-Keycloak-chromium\test-failed-1.png is missing]]>
</system-err>
</testcase>
</testsuite>
</testsuites>